  Main2.cpp
d:\opencv\opencv\build\include\opencv2\core\mat.hpp(2586): warning C4819: The file contains a character that cannot be represented in the current code page (936). Save the file in Unicode format to prevent data loss
d:\opencv\opencv\build\include\opencv2\core\persistence.hpp : warning C4819: The file contains a character that cannot be represented in the current code page (936). Save the file in Unicode format to prevent data loss
d:\opencv\opencv\build\include\opencv2\core\utility.hpp : warning C4819: The file contains a character that cannot be represented in the current code page (936). Save the file in Unicode format to prevent data loss
d:\opencv\opencv\build\include\opencv2\core\utility.hpp : warning C4819: The file contains a character that cannot be represented in the current code page (936). Save the file in Unicode format to prevent data loss
d:\opencv\opencv\build\include\opencv2\imgproc.hpp(592): warning C4819: The file contains a character that cannot be represented in the current code page (936). Save the file in Unicode format to prevent data loss
c:\users\admin\documents\visual studio 2015\projects\gettingstart\assignment3_spatial_transformation\assignment3_spatial_transformation\main2.cpp(33): warning C4244: 'argument': conversion from 'int' to 'float', possible loss of data
c:\users\admin\documents\visual studio 2015\projects\gettingstart\assignment3_spatial_transformation\assignment3_spatial_transformation\main2.cpp(34): warning C4244: 'argument': conversion from 'int' to 'float', possible loss of data
c:\users\admin\documents\visual studio 2015\projects\gettingstart\assignment3_spatial_transformation\assignment3_spatial_transformation\main2.cpp(38): warning C4244: 'argument': conversion from 'int' to 'float', possible loss of data
c:\users\admin\documents\visual studio 2015\projects\gettingstart\assignment3_spatial_transformation\assignment3_spatial_transformation\main2.cpp(39): warning C4244: 'argument': conversion from 'int' to 'float', possible loss of data
c:\users\admin\documents\visual studio 2015\projects\gettingstart\assignment3_spatial_transformation\assignment3_spatial_transformation\main2.cpp(51): warning C4244: 'argument': conversion from 'int' to 'float', possible loss of data
c:\users\admin\documents\visual studio 2015\projects\gettingstart\assignment3_spatial_transformation\assignment3_spatial_transformation\main2.cpp(52): warning C4244: 'argument': conversion from 'int' to 'float', possible loss of data
c:\users\admin\documents\visual studio 2015\projects\gettingstart\assignment3_spatial_transformation\assignment3_spatial_transformation\main2.cpp(56): warning C4244: 'argument': conversion from 'int' to 'float', possible loss of data
c:\users\admin\documents\visual studio 2015\projects\gettingstart\assignment3_spatial_transformation\assignment3_spatial_transformation\main2.cpp(57): warning C4244: 'argument': conversion from 'int' to 'float', possible loss of data
c:\users\admin\documents\visual studio 2015\projects\gettingstart\assignment3_spatial_transformation\assignment3_spatial_transformation\main2.cpp(80): warning C4244: 'argument': conversion from 'int' to 'float', possible loss of data
c:\users\admin\documents\visual studio 2015\projects\gettingstart\assignment3_spatial_transformation\assignment3_spatial_transformation\main2.cpp(81): warning C4244: 'argument': conversion from 'int' to 'float', possible loss of data
c:\users\admin\documents\visual studio 2015\projects\gettingstart\assignment3_spatial_transformation\assignment3_spatial_transformation\main2.cpp(85): warning C4244: 'argument': conversion from 'int' to 'float', possible loss of data
c:\users\admin\documents\visual studio 2015\projects\gettingstart\assignment3_spatial_transformation\assignment3_spatial_transformation\main2.cpp(86): warning C4244: 'argument': conversion from 'int' to 'float', possible loss of data
  Assignment3_Spatial_Transformation.vcxproj -> C:\Users\Admin\documents\visual studio 2015\Projects\GettingStart\Assignment3_Spatial_Transformation\x64\Debug\Assignment3_Spatial_Transformation.exe
  Assignment3_Spatial_Transformation.vcxproj -> C:\Users\Admin\documents\visual studio 2015\Projects\GettingStart\Assignment3_Spatial_Transformation\x64\Debug\Assignment3_Spatial_Transformation.pdb (Full PDB)
